[0.233s] DEBUG:colcon:Command line arguments: ['/usr/bin/colcon', 'build', '--symlink-install']
[0.233s] DEBUG:colcon:Parsed command line arguments: Namespace(allow_overriding=[], ament_cmake_args=None, base_paths=['.'], build_base='build', catkin_cmake_args=None, catkin_skip_building_tests=False, cmake_args=None, cmake_clean_cache=False, cmake_clean_first=False, cmake_force_configure=False, cmake_target=None, cmake_target_skip_unavailable=False, continue_on_error=False, event_handlers=None, executor='parallel', ignore_user_meta=False, install_base='install', log_base=None, log_level=None, main=<bound method BuildVerb.main of <colcon_core.verb.build.BuildVerb object at 0x7f0893438820>>, merge_install=False, metas=['./colcon.meta'], packages_above=None, packages_above_and_dependencies=None, packages_above_depth=None, packages_end=None, packages_ignore=None, packages_ignore_regex=None, packages_select=None, packages_select_build_failed=False, packages_select_by_dep=None, packages_select_regex=None, packages_select_test_failures=False, packages_skip=None, packages_skip_build_finished=False, packages_skip_by_dep=None, packages_skip_regex=None, packages_skip_test_passed=False, packages_skip_up_to=None, packages_start=None, packages_up_to=None, packages_up_to_regex=None, parallel_workers=12, paths=None, symlink_install=True, test_result_base=None, verb_extension=<colcon_core.verb.build.BuildVerb object at 0x7f0893438820>, verb_name='build', verb_parser=<colcon_defaults.argument_parser.defaults.DefaultArgumentsDecorator object at 0x7f0893438d90>)
[0.271s] Level 1:colcon.colcon_core.package_discovery:discover_packages(colcon_meta) check parameters
[0.271s] Level 1:colcon.colcon_core.package_discovery:discover_packages(recursive) check parameters
[0.271s] Level 1:colcon.colcon_core.package_discovery:discover_packages(ignore) check parameters
[0.271s] Level 1:colcon.colcon_core.package_discovery:discover_packages(path) check parameters
[0.271s] Level 1:colcon.colcon_core.package_discovery:discover_packages(colcon_meta) discover
[0.271s] Level 1:colcon.colcon_core.package_discovery:discover_packages(recursive) discover
[0.271s] INFO:colcon.colcon_core.package_discovery:Crawling recursively for packages in '/home/dj/sar/docker/arm64/packages'
[0.272s] Level 1:colcon.colcon_core.package_identification:_identify(.) by extensions ['ignore', 'ignore_ament_install']
[0.272s] Level 1:colcon.colcon_core.package_identification:_identify(.) by extension 'ignore'
[0.272s] Level 1:colcon.colcon_core.package_identification:_identify(.) by extension 'ignore_ament_install'
[0.272s] Level 1:colcon.colcon_core.package_identification:_identify(.) by extensions ['colcon_pkg']
[0.272s] Level 1:colcon.colcon_core.package_identification:_identify(.) by extension 'colcon_pkg'
[0.272s] Level 1:colcon.colcon_core.package_identification:_identify(.) by extensions ['colcon_meta']
[0.272s] Level 1:colcon.colcon_core.package_identification:_identify(.) by extension 'colcon_meta'
[0.272s] Level 1:colcon.colcon_core.package_identification:_identify(.) by extensions ['ros']
[0.272s] Level 1:colcon.colcon_core.package_identification:_identify(.) by extension 'ros'
[0.298s] Level 1:colcon.colcon_core.package_identification:_identify(.) by extensions ['cmake', 'python']
[0.299s] Level 1:colcon.colcon_core.package_identification:_identify(.) by extension 'cmake'
[0.299s] Level 1:colcon.colcon_core.package_identification:_identify(.) by extension 'python'
[0.299s] Level 1:colcon.colcon_core.package_identification:_identify(.) by extensions ['python_setup_py']
[0.299s] Level 1:colcon.colcon_core.package_identification:_identify(.) by extension 'python_setup_py'
[0.299s] Level 1:colcon.colcon_core.package_identification:_identify(LIDAR_PKG) by extensions ['ignore', 'ignore_ament_install']
[0.299s] Level 1:colcon.colcon_core.package_identification:_identify(LIDAR_PKG) by extension 'ignore'
[0.299s] Level 1:colcon.colcon_core.package_identification:_identify(LIDAR_PKG) by extension 'ignore_ament_install'
[0.299s] Level 1:colcon.colcon_core.package_identification:_identify(LIDAR_PKG) by extensions ['colcon_pkg']
[0.299s] Level 1:colcon.colcon_core.package_identification:_identify(LIDAR_PKG) by extension 'colcon_pkg'
[0.299s] Level 1:colcon.colcon_core.package_identification:_identify(LIDAR_PKG) by extensions ['colcon_meta']
[0.300s] Level 1:colcon.colcon_core.package_identification:_identify(LIDAR_PKG) by extension 'colcon_meta'
[0.300s] Level 1:colcon.colcon_core.package_identification:_identify(LIDAR_PKG) by extensions ['ros']
[0.300s] Level 1:colcon.colcon_core.package_identification:_identify(LIDAR_PKG) by extension 'ros'
[0.300s] Level 1:colcon.colcon_core.package_identification:_identify(LIDAR_PKG) by extensions ['cmake', 'python']
[0.300s] Level 1:colcon.colcon_core.package_identification:_identify(LIDAR_PKG) by extension 'cmake'
[0.300s] Level 1:colcon.colcon_core.package_identification:_identify(LIDAR_PKG) by extension 'python'
[0.300s] Level 1:colcon.colcon_core.package_identification:_identify(LIDAR_PKG) by extensions ['python_setup_py']
[0.300s] Level 1:colcon.colcon_core.package_identification:_identify(LIDAR_PKG) by extension 'python_setup_py'
[0.300s] Level 1:colcon.colcon_core.package_identification:_identify(LIDAR_PKG/ls01b_ros2) by extensions ['ignore', 'ignore_ament_install']
[0.300s] Level 1:colcon.colcon_core.package_identification:_identify(LIDAR_PKG/ls01b_ros2) by extension 'ignore'
[0.300s] Level 1:colcon.colcon_core.package_identification:_identify(LIDAR_PKG/ls01b_ros2) by extension 'ignore_ament_install'
[0.301s] Level 1:colcon.colcon_core.package_identification:_identify(LIDAR_PKG/ls01b_ros2) by extensions ['colcon_pkg']
[0.301s] Level 1:colcon.colcon_core.package_identification:_identify(LIDAR_PKG/ls01b_ros2) by extension 'colcon_pkg'
[0.301s] Level 1:colcon.colcon_core.package_identification:_identify(LIDAR_PKG/ls01b_ros2) by extensions ['colcon_meta']
[0.301s] Level 1:colcon.colcon_core.package_identification:_identify(LIDAR_PKG/ls01b_ros2) by extension 'colcon_meta'
[0.301s] Level 1:colcon.colcon_core.package_identification:_identify(LIDAR_PKG/ls01b_ros2) by extensions ['ros']
[0.301s] Level 1:colcon.colcon_core.package_identification:_identify(LIDAR_PKG/ls01b_ros2) by extension 'ros'
[0.305s] DEBUG:colcon.colcon_core.package_identification:Package 'LIDAR_PKG/ls01b_ros2' with type 'ros.ament_cmake' and name 'ls01b_v2'
[0.305s] Level 1:colcon.colcon_core.package_identification:_identify(LIDAR_PKG/lsm10_ros2) by extensions ['ignore', 'ignore_ament_install']
[0.305s] Level 1:colcon.colcon_core.package_identification:_identify(LIDAR_PKG/lsm10_ros2) by extension 'ignore'
[0.305s] Level 1:colcon.colcon_core.package_identification:_identify(LIDAR_PKG/lsm10_ros2) by extension 'ignore_ament_install'
[0.305s] Level 1:colcon.colcon_core.package_identification:_identify(LIDAR_PKG/lsm10_ros2) by extensions ['colcon_pkg']
[0.305s] Level 1:colcon.colcon_core.package_identification:_identify(LIDAR_PKG/lsm10_ros2) by extension 'colcon_pkg'
[0.305s] Level 1:colcon.colcon_core.package_identification:_identify(LIDAR_PKG/lsm10_ros2) by extensions ['colcon_meta']
[0.305s] Level 1:colcon.colcon_core.package_identification:_identify(LIDAR_PKG/lsm10_ros2) by extension 'colcon_meta'
[0.305s] Level 1:colcon.colcon_core.package_identification:_identify(LIDAR_PKG/lsm10_ros2) by extensions ['ros']
[0.306s] Level 1:colcon.colcon_core.package_identification:_identify(LIDAR_PKG/lsm10_ros2) by extension 'ros'
[0.306s] DEBUG:colcon.colcon_core.package_identification:Package 'LIDAR_PKG/lsm10_ros2' with type 'ros.ament_cmake' and name 'lsm10_v2'
[0.307s] Level 1:colcon.colcon_core.package_identification:_identify(LIDAR_PKG/rplidar_ros) by extensions ['ignore', 'ignore_ament_install']
[0.307s] Level 1:colcon.colcon_core.package_identification:_identify(LIDAR_PKG/rplidar_ros) by extension 'ignore'
[0.307s] Level 1:colcon.colcon_core.package_identification:_identify(LIDAR_PKG/rplidar_ros) by extension 'ignore_ament_install'
[0.307s] Level 1:colcon.colcon_core.package_identification:_identify(LIDAR_PKG/rplidar_ros) by extensions ['colcon_pkg']
[0.307s] Level 1:colcon.colcon_core.package_identification:_identify(LIDAR_PKG/rplidar_ros) by extension 'colcon_pkg'
[0.307s] Level 1:colcon.colcon_core.package_identification:_identify(LIDAR_PKG/rplidar_ros) by extensions ['colcon_meta']
[0.307s] Level 1:colcon.colcon_core.package_identification:_identify(LIDAR_PKG/rplidar_ros) by extension 'colcon_meta'
[0.307s] Level 1:colcon.colcon_core.package_identification:_identify(LIDAR_PKG/rplidar_ros) by extensions ['ros']
[0.307s] Level 1:colcon.colcon_core.package_identification:_identify(LIDAR_PKG/rplidar_ros) by extension 'ros'
[0.308s] DEBUG:colcon.colcon_core.package_identification:Package 'LIDAR_PKG/rplidar_ros' with type 'ros.ament_cmake' and name 'rplidar_ros'
[0.308s] Level 1:colcon.colcon_core.package_identification:_identify(build) by extensions ['ignore', 'ignore_ament_install']
[0.308s] Level 1:colcon.colcon_core.package_identification:_identify(build) by extension 'ignore'
[0.309s] Level 1:colcon.colcon_core.package_identification:_identify(build) ignored
[0.309s] Level 1:colcon.colcon_core.package_identification:_identify(install) by extensions ['ignore', 'ignore_ament_install']
[0.309s] Level 1:colcon.colcon_core.package_identification:_identify(install) by extension 'ignore'
[0.309s] Level 1:colcon.colcon_core.package_identification:_identify(install) ignored
[0.309s] Level 1:colcon.colcon_core.package_identification:_identify(log) by extensions ['ignore', 'ignore_ament_install']
[0.309s] Level 1:colcon.colcon_core.package_identification:_identify(log) by extension 'ignore'
[0.309s] Level 1:colcon.colcon_core.package_identification:_identify(log) ignored
[0.309s] Level 1:colcon.colcon_core.package_identification:_identify(ros1_src) by extensions ['ignore', 'ignore_ament_install']
[0.310s] Level 1:colcon.colcon_core.package_identification:_identify(ros1_src) by extension 'ignore'
[0.310s] Level 1:colcon.colcon_core.package_identification:_identify(ros1_src) by extension 'ignore_ament_install'
[0.310s] Level 1:colcon.colcon_core.package_identification:_identify(ros1_src) by extensions ['colcon_pkg']
[0.310s] Level 1:colcon.colcon_core.package_identification:_identify(ros1_src) by extension 'colcon_pkg'
[0.310s] Level 1:colcon.colcon_core.package_identification:_identify(ros1_src) by extensions ['colcon_meta']
[0.310s] Level 1:colcon.colcon_core.package_identification:_identify(ros1_src) by extension 'colcon_meta'
[0.310s] Level 1:colcon.colcon_core.package_identification:_identify(ros1_src) by extensions ['ros']
[0.310s] Level 1:colcon.colcon_core.package_identification:_identify(ros1_src) by extension 'ros'
[0.310s] Level 1:colcon.colcon_core.package_identification:_identify(ros1_src) by extensions ['cmake', 'python']
[0.310s] Level 1:colcon.colcon_core.package_identification:_identify(ros1_src) by extension 'cmake'
[0.310s] Level 1:colcon.colcon_core.package_identification:_identify(ros1_src) by extension 'python'
[0.310s] Level 1:colcon.colcon_core.package_identification:_identify(ros1_src) by extensions ['python_setup_py']
[0.311s] Level 1:colcon.colcon_core.package_identification:_identify(ros1_src) by extension 'python_setup_py'
[0.311s] Level 1:colcon.colcon_core.package_identification:_identify(ros1_src/catkin_ws) by extensions ['ignore', 'ignore_ament_install']
[0.311s] Level 1:colcon.colcon_core.package_identification:_identify(ros1_src/catkin_ws) by extension 'ignore'
[0.311s] Level 1:colcon.colcon_core.package_identification:_identify(ros1_src/catkin_ws) by extension 'ignore_ament_install'
[0.311s] Level 1:colcon.colcon_core.package_identification:_identify(ros1_src/catkin_ws) by extensions ['colcon_pkg']
[0.311s] Level 1:colcon.colcon_core.package_identification:_identify(ros1_src/catkin_ws) by extension 'colcon_pkg'
[0.311s] Level 1:colcon.colcon_core.package_identification:_identify(ros1_src/catkin_ws) by extensions ['colcon_meta']
[0.311s] Level 1:colcon.colcon_core.package_identification:_identify(ros1_src/catkin_ws) by extension 'colcon_meta'
[0.311s] Level 1:colcon.colcon_core.package_identification:_identify(ros1_src/catkin_ws) by extensions ['ros']
[0.311s] Level 1:colcon.colcon_core.package_identification:_identify(ros1_src/catkin_ws) by extension 'ros'
[0.312s] Level 1:colcon.colcon_core.package_identification:_identify(ros1_src/catkin_ws) by extensions ['cmake', 'python']
[0.312s] Level 1:colcon.colcon_core.package_identification:_identify(ros1_src/catkin_ws) by extension 'cmake'
[0.312s] Level 1:colcon.colcon_core.package_identification:_identify(ros1_src/catkin_ws) by extension 'python'
[0.312s] Level 1:colcon.colcon_core.package_identification:_identify(ros1_src/catkin_ws) by extensions ['python_setup_py']
[0.312s] Level 1:colcon.colcon_core.package_identification:_identify(ros1_src/catkin_ws) by extension 'python_setup_py'
[0.312s] Level 1:colcon.colcon_core.package_identification:_identify(ros1_src/catkin_ws/src) by extensions ['ignore', 'ignore_ament_install']
[0.312s] Level 1:colcon.colcon_core.package_identification:_identify(ros1_src/catkin_ws/src) by extension 'ignore'
[0.312s] Level 1:colcon.colcon_core.package_identification:_identify(ros1_src/catkin_ws/src) by extension 'ignore_ament_install'
[0.312s] Level 1:colcon.colcon_core.package_identification:_identify(ros1_src/catkin_ws/src) by extensions ['colcon_pkg']
[0.312s] Level 1:colcon.colcon_core.package_identification:_identify(ros1_src/catkin_ws/src) by extension 'colcon_pkg'
[0.312s] Level 1:colcon.colcon_core.package_identification:_identify(ros1_src/catkin_ws/src) by extensions ['colcon_meta']
[0.312s] Level 1:colcon.colcon_core.package_identification:_identify(ros1_src/catkin_ws/src) by extension 'colcon_meta'
[0.313s] Level 1:colcon.colcon_core.package_identification:_identify(ros1_src/catkin_ws/src) by extensions ['ros']
[0.313s] Level 1:colcon.colcon_core.package_identification:_identify(ros1_src/catkin_ws/src) by extension 'ros'
[0.313s] Level 1:colcon.colcon_core.package_identification:_identify(ros1_src/catkin_ws/src) by extensions ['cmake', 'python']
[0.313s] Level 1:colcon.colcon_core.package_identification:_identify(ros1_src/catkin_ws/src) by extension 'cmake'
[0.317s] WARNING:colcon.colcon_cmake.package_identification.cmake:Ignoring 'ros1_src/catkin_ws/src/CMakeLists.txt' since it seems to be a toplevel CMake file generated by 'catkin_make'
[0.317s] Level 1:colcon.colcon_core.package_identification:_identify(ros1_src/catkin_ws/src) by extension 'python'
[0.317s] Level 1:colcon.colcon_core.package_identification:_identify(ros1_src/catkin_ws/src) by extensions ['python_setup_py']
[0.317s] Level 1:colcon.colcon_core.package_identification:_identify(ros1_src/catkin_ws/src) by extension 'python_setup_py'
[0.317s] Level 1:colcon.colcon_core.package_identification:_identify(ros1_src/catkin_ws/src/imu_complementary_filter) by extensions ['ignore', 'ignore_ament_install']
[0.317s] Level 1:colcon.colcon_core.package_identification:_identify(ros1_src/catkin_ws/src/imu_complementary_filter) by extension 'ignore'
[0.318s] Level 1:colcon.colcon_core.package_identification:_identify(ros1_src/catkin_ws/src/imu_complementary_filter) by extension 'ignore_ament_install'
[0.318s] Level 1:colcon.colcon_core.package_identification:_identify(ros1_src/catkin_ws/src/imu_complementary_filter) by extensions ['colcon_pkg']
[0.318s] Level 1:colcon.colcon_core.package_identification:_identify(ros1_src/catkin_ws/src/imu_complementary_filter) by extension 'colcon_pkg'
[0.318s] Level 1:colcon.colcon_core.package_identification:_identify(ros1_src/catkin_ws/src/imu_complementary_filter) by extensions ['colcon_meta']
[0.318s] Level 1:colcon.colcon_core.package_identification:_identify(ros1_src/catkin_ws/src/imu_complementary_filter) by extension 'colcon_meta'
[0.318s] Level 1:colcon.colcon_core.package_identification:_identify(ros1_src/catkin_ws/src/imu_complementary_filter) by extensions ['ros']
[0.318s] Level 1:colcon.colcon_core.package_identification:_identify(ros1_src/catkin_ws/src/imu_complementary_filter) by extension 'ros'
[0.319s] DEBUG:colcon.colcon_core.package_identification:Package 'ros1_src/catkin_ws/src/imu_complementary_filter' with type 'ros.catkin' and name 'imu_complementary_filter'
[0.319s] Level 1:colcon.colcon_core.package_identification:_identify(ros1_src/catkin_ws/src/jb_pcl) by extensions ['ignore', 'ignore_ament_install']
[0.320s] Level 1:colcon.colcon_core.package_identification:_identify(ros1_src/catkin_ws/src/jb_pcl) by extension 'ignore'
[0.320s] Level 1:colcon.colcon_core.package_identification:_identify(ros1_src/catkin_ws/src/jb_pcl) by extension 'ignore_ament_install'
[0.320s] Level 1:colcon.colcon_core.package_identification:_identify(ros1_src/catkin_ws/src/jb_pcl) by extensions ['colcon_pkg']
[0.320s] Level 1:colcon.colcon_core.package_identification:_identify(ros1_src/catkin_ws/src/jb_pcl) by extension 'colcon_pkg'
[0.320s] Level 1:colcon.colcon_core.package_identification:_identify(ros1_src/catkin_ws/src/jb_pcl) by extensions ['colcon_meta']
[0.320s] Level 1:colcon.colcon_core.package_identification:_identify(ros1_src/catkin_ws/src/jb_pcl) by extension 'colcon_meta'
[0.320s] Level 1:colcon.colcon_core.package_identification:_identify(ros1_src/catkin_ws/src/jb_pcl) by extensions ['ros']
[0.320s] Level 1:colcon.colcon_core.package_identification:_identify(ros1_src/catkin_ws/src/jb_pcl) by extension 'ros'
[0.321s] DEBUG:colcon.colcon_core.package_identification:Package 'ros1_src/catkin_ws/src/jb_pcl' with type 'ros.catkin' and name 'jb_pcl'
[0.321s] Level 1:colcon.colcon_core.package_identification:_identify(ros1_src/catkin_ws/src/ros1_bot) by extensions ['ignore', 'ignore_ament_install']
[0.322s] Level 1:colcon.colcon_core.package_identification:_identify(ros1_src/catkin_ws/src/ros1_bot) by extension 'ignore'
[0.322s] Level 1:colcon.colcon_core.package_identification:_identify(ros1_src/catkin_ws/src/ros1_bot) by extension 'ignore_ament_install'
[0.322s] Level 1:colcon.colcon_core.package_identification:_identify(ros1_src/catkin_ws/src/ros1_bot) by extensions ['colcon_pkg']
[0.322s] Level 1:colcon.colcon_core.package_identification:_identify(ros1_src/catkin_ws/src/ros1_bot) by extension 'colcon_pkg'
[0.322s] Level 1:colcon.colcon_core.package_identification:_identify(ros1_src/catkin_ws/src/ros1_bot) by extensions ['colcon_meta']
[0.322s] Level 1:colcon.colcon_core.package_identification:_identify(ros1_src/catkin_ws/src/ros1_bot) by extension 'colcon_meta'
[0.322s] Level 1:colcon.colcon_core.package_identification:_identify(ros1_src/catkin_ws/src/ros1_bot) by extensions ['ros']
[0.322s] Level 1:colcon.colcon_core.package_identification:_identify(ros1_src/catkin_ws/src/ros1_bot) by extension 'ros'
[0.323s] DEBUG:colcon.colcon_core.package_identification:Package 'ros1_src/catkin_ws/src/ros1_bot' with type 'ros.catkin' and name 'ros1_bot'
[0.323s] Level 1:colcon.colcon_core.package_identification:_identify(ros2_src) by extensions ['ignore', 'ignore_ament_install']
[0.324s] Level 1:colcon.colcon_core.package_identification:_identify(ros2_src) by extension 'ignore'
[0.324s] Level 1:colcon.colcon_core.package_identification:_identify(ros2_src) by extension 'ignore_ament_install'
[0.324s] Level 1:colcon.colcon_core.package_identification:_identify(ros2_src) by extensions ['colcon_pkg']
[0.324s] Level 1:colcon.colcon_core.package_identification:_identify(ros2_src) by extension 'colcon_pkg'
[0.324s] Level 1:colcon.colcon_core.package_identification:_identify(ros2_src) by extensions ['colcon_meta']
[0.324s] Level 1:colcon.colcon_core.package_identification:_identify(ros2_src) by extension 'colcon_meta'
[0.324s] Level 1:colcon.colcon_core.package_identification:_identify(ros2_src) by extensions ['ros']
[0.324s] Level 1:colcon.colcon_core.package_identification:_identify(ros2_src) by extension 'ros'
[0.324s] Level 1:colcon.colcon_core.package_identification:_identify(ros2_src) by extensions ['cmake', 'python']
[0.324s] Level 1:colcon.colcon_core.package_identification:_identify(ros2_src) by extension 'cmake'
[0.324s] Level 1:colcon.colcon_core.package_identification:_identify(ros2_src) by extension 'python'
[0.324s] Level 1:colcon.colcon_core.package_identification:_identify(ros2_src) by extensions ['python_setup_py']
[0.324s] Level 1:colcon.colcon_core.package_identification:_identify(ros2_src) by extension 'python_setup_py'
[0.325s] Level 1:colcon.colcon_core.package_identification:_identify(ros2_src/build) by extensions ['ignore', 'ignore_ament_install']
[0.325s] Level 1:colcon.colcon_core.package_identification:_identify(ros2_src/build) by extension 'ignore'
[0.325s] Level 1:colcon.colcon_core.package_identification:_identify(ros2_src/build) ignored
[0.325s] Level 1:colcon.colcon_core.package_identification:_identify(ros2_src/imu_tools) by extensions ['ignore', 'ignore_ament_install']
[0.325s] Level 1:colcon.colcon_core.package_identification:_identify(ros2_src/imu_tools) by extension 'ignore'
[0.325s] Level 1:colcon.colcon_core.package_identification:_identify(ros2_src/imu_tools) by extension 'ignore_ament_install'
[0.326s] Level 1:colcon.colcon_core.package_identification:_identify(ros2_src/imu_tools) by extensions ['colcon_pkg']
[0.326s] Level 1:colcon.colcon_core.package_identification:_identify(ros2_src/imu_tools) by extension 'colcon_pkg'
[0.326s] Level 1:colcon.colcon_core.package_identification:_identify(ros2_src/imu_tools) by extensions ['colcon_meta']
[0.326s] Level 1:colcon.colcon_core.package_identification:_identify(ros2_src/imu_tools) by extension 'colcon_meta'
[0.326s] Level 1:colcon.colcon_core.package_identification:_identify(ros2_src/imu_tools) by extensions ['ros']
[0.326s] Level 1:colcon.colcon_core.package_identification:_identify(ros2_src/imu_tools) by extension 'ros'
[0.326s] Level 1:colcon.colcon_core.package_identification:_identify(ros2_src/imu_tools) by extensions ['cmake', 'python']
[0.326s] Level 1:colcon.colcon_core.package_identification:_identify(ros2_src/imu_tools) by extension 'cmake'
[0.326s] Level 1:colcon.colcon_core.package_identification:_identify(ros2_src/imu_tools) by extension 'python'
[0.326s] Level 1:colcon.colcon_core.package_identification:_identify(ros2_src/imu_tools) by extensions ['python_setup_py']
[0.326s] Level 1:colcon.colcon_core.package_identification:_identify(ros2_src/imu_tools) by extension 'python_setup_py'
[0.326s] Level 1:colcon.colcon_core.package_identification:_identify(ros2_src/imu_tools/imu_complementary_filter) by extensions ['ignore', 'ignore_ament_install']
[0.326s] Level 1:colcon.colcon_core.package_identification:_identify(ros2_src/imu_tools/imu_complementary_filter) by extension 'ignore'
[0.326s] Level 1:colcon.colcon_core.package_identification:_identify(ros2_src/imu_tools/imu_complementary_filter) by extension 'ignore_ament_install'
[0.327s] Level 1:colcon.colcon_core.package_identification:_identify(ros2_src/imu_tools/imu_complementary_filter) by extensions ['colcon_pkg']
[0.327s] Level 1:colcon.colcon_core.package_identification:_identify(ros2_src/imu_tools/imu_complementary_filter) by extension 'colcon_pkg'
[0.327s] Level 1:colcon.colcon_core.package_identification:_identify(ros2_src/imu_tools/imu_complementary_filter) by extensions ['colcon_meta']
[0.327s] Level 1:colcon.colcon_core.package_identification:_identify(ros2_src/imu_tools/imu_complementary_filter) by extension 'colcon_meta'
[0.327s] Level 1:colcon.colcon_core.package_identification:_identify(ros2_src/imu_tools/imu_complementary_filter) by extensions ['ros']
[0.327s] Level 1:colcon.colcon_core.package_identification:_identify(ros2_src/imu_tools/imu_complementary_filter) by extension 'ros'
[0.327s] DEBUG:colcon.colcon_core.package_identification:Package 'ros2_src/imu_tools/imu_complementary_filter' with type 'ros.ament_cmake' and name 'imu_complementary_filter'
[0.327s] Level 1:colcon.colcon_core.package_identification:_identify(ros2_src/install) by extensions ['ignore', 'ignore_ament_install']
[0.328s] Level 1:colcon.colcon_core.package_identification:_identify(ros2_src/install) by extension 'ignore'
[0.328s] Level 1:colcon.colcon_core.package_identification:_identify(ros2_src/install) ignored
[0.328s] Level 1:colcon.colcon_core.package_identification:_identify(ros2_src/log) by extensions ['ignore', 'ignore_ament_install']
[0.328s] Level 1:colcon.colcon_core.package_identification:_identify(ros2_src/log) by extension 'ignore'
[0.328s] Level 1:colcon.colcon_core.package_identification:_identify(ros2_src/log) ignored
[0.328s] Level 1:colcon.colcon_core.package_identification:_identify(ros2_src/pointcloud_to_laserscan) by extensions ['ignore', 'ignore_ament_install']
[0.328s] Level 1:colcon.colcon_core.package_identification:_identify(ros2_src/pointcloud_to_laserscan) by extension 'ignore'
[0.328s] Level 1:colcon.colcon_core.package_identification:_identify(ros2_src/pointcloud_to_laserscan) by extension 'ignore_ament_install'
[0.328s] Level 1:colcon.colcon_core.package_identification:_identify(ros2_src/pointcloud_to_laserscan) by extensions ['colcon_pkg']
[0.328s] Level 1:colcon.colcon_core.package_identification:_identify(ros2_src/pointcloud_to_laserscan) by extension 'colcon_pkg'
[0.328s] Level 1:colcon.colcon_core.package_identification:_identify(ros2_src/pointcloud_to_laserscan) by extensions ['colcon_meta']
[0.328s] Level 1:colcon.colcon_core.package_identification:_identify(ros2_src/pointcloud_to_laserscan) by extension 'colcon_meta'
[0.328s] Level 1:colcon.colcon_core.package_identification:_identify(ros2_src/pointcloud_to_laserscan) by extensions ['ros']
[0.328s] Level 1:colcon.colcon_core.package_identification:_identify(ros2_src/pointcloud_to_laserscan) by extension 'ros'
[0.329s] DEBUG:colcon.colcon_core.package_identification:Package 'ros2_src/pointcloud_to_laserscan' with type 'ros.ament_cmake' and name 'pointcloud_to_laserscan'
[0.330s] Level 1:colcon.colcon_core.package_identification:_identify(ros2_src/ros2_bot) by extensions ['ignore', 'ignore_ament_install']
[0.330s] Level 1:colcon.colcon_core.package_identification:_identify(ros2_src/ros2_bot) by extension 'ignore'
[0.330s] Level 1:colcon.colcon_core.package_identification:_identify(ros2_src/ros2_bot) by extension 'ignore_ament_install'
[0.330s] Level 1:colcon.colcon_core.package_identification:_identify(ros2_src/ros2_bot) by extensions ['colcon_pkg']
[0.330s] Level 1:colcon.colcon_core.package_identification:_identify(ros2_src/ros2_bot) by extension 'colcon_pkg'
[0.330s] Level 1:colcon.colcon_core.package_identification:_identify(ros2_src/ros2_bot) by extensions ['colcon_meta']
[0.330s] Level 1:colcon.colcon_core.package_identification:_identify(ros2_src/ros2_bot) by extension 'colcon_meta'
[0.330s] Level 1:colcon.colcon_core.package_identification:_identify(ros2_src/ros2_bot) by extensions ['ros']
[0.330s] Level 1:colcon.colcon_core.package_identification:_identify(ros2_src/ros2_bot) by extension 'ros'
[0.331s] DEBUG:colcon.colcon_core.package_identification:Package 'ros2_src/ros2_bot' with type 'ros.ament_cmake' and name 'ros2_bot'
[0.331s] Level 1:colcon.colcon_core.package_discovery:discover_packages(recursive) using defaults
[0.331s] Level 1:colcon.colcon_core.package_discovery:discover_packages(ignore) discover
[0.331s] Level 1:colcon.colcon_core.package_discovery:discover_packages(ignore) using defaults
[0.331s] Level 1:colcon.colcon_core.package_discovery:discover_packages(path) discover
[0.331s] Level 1:colcon.colcon_core.package_discovery:discover_packages(path) using defaults
[0.365s] Level 1:colcon.colcon_core.package_discovery:discover_packages(prefix_path) check parameters
[0.366s] Level 1:colcon.colcon_core.package_discovery:discover_packages(prefix_path) discover
[0.370s] DEBUG:colcon.colcon_installed_package_information.package_discovery:Found 362 installed packages in /opt/ros/galactic
[0.373s] Level 1:colcon.colcon_core.package_discovery:discover_packages(prefix_path) using defaults
[0.482s] ERROR:colcon:colcon build: Duplicate package names not supported:
- imu_complementary_filter:
  - ros1_src/catkin_ws/src/imu_complementary_filter
  - ros2_src/imu_tools/imu_complementary_filter
