Determining if the function sgemm_ exists failed with the following output:
Change Dir: /home/dj/sar/docker/arm64/zed2_tensorrt_yolov5/build/CMakeFiles/CMakeTmp

Run Build Command(s):/usr/bin/make cmTC_0a11b/fast && /usr/bin/make -f CMakeFiles/cmTC_0a11b.dir/build.make CMakeFiles/cmTC_0a11b.dir/build
make[1]: Entering directory '/home/dj/sar/docker/arm64/zed2_tensorrt_yolov5/build/CMakeFiles/CMakeTmp'
Building C object CMakeFiles/cmTC_0a11b.dir/CheckFunctionExists.c.o
/usr/bin/cc   -DCHECK_FUNCTION_EXISTS=sgemm_   -o CMakeFiles/cmTC_0a11b.dir/CheckFunctionExists.c.o   -c /usr/share/cmake-3.16/Modules/CheckFunctionExists.c
Linking C executable cmTC_0a11b
/usr/bin/cmake -E cmake_link_script CMakeFiles/cmTC_0a11b.dir/link.txt --verbose=1
/usr/bin/cc  -DCHECK_FUNCTION_EXISTS=sgemm_    CMakeFiles/cmTC_0a11b.dir/CheckFunctionExists.c.o  -o cmTC_0a11b 
/usr/bin/ld: CMakeFiles/cmTC_0a11b.dir/CheckFunctionExists.c.o: in function `main':
CheckFunctionExists.c:(.text+0x14): undefined reference to `sgemm_'
collect2: error: ld returned 1 exit status
make[1]: *** [CMakeFiles/cmTC_0a11b.dir/build.make:87: cmTC_0a11b] Error 1
make[1]: Leaving directory '/home/dj/sar/docker/arm64/zed2_tensorrt_yolov5/build/CMakeFiles/CMakeTmp'
make: *** [Makefile:121: cmTC_0a11b/fast] Error 2



Performing C SOURCE FILE Test CMAKE_HAVE_LIBC_PTHREAD failed with the following output:
Change Dir: /home/dj/sar/docker/arm64/zed2_tensorrt_yolov5/build/CMakeFiles/CMakeTmp

Run Build Command(s):/usr/bin/make cmTC_41e1d/fast && /usr/bin/make -f CMakeFiles/cmTC_41e1d.dir/build.make CMakeFiles/cmTC_41e1d.dir/build
make[1]: Entering directory '/home/dj/sar/docker/arm64/zed2_tensorrt_yolov5/build/CMakeFiles/CMakeTmp'
Building C object CMakeFiles/cmTC_41e1d.dir/src.c.o
/usr/bin/cc   -DCMAKE_HAVE_LIBC_PTHREAD   -o CMakeFiles/cmTC_41e1d.dir/src.c.o   -c /home/dj/sar/docker/arm64/zed2_tensorrt_yolov5/build/CMakeFiles/CMakeTmp/src.c
Linking C executable cmTC_41e1d
/usr/bin/cmake -E cmake_link_script CMakeFiles/cmTC_41e1d.dir/link.txt --verbose=1
/usr/bin/cc  -DCMAKE_HAVE_LIBC_PTHREAD    CMakeFiles/cmTC_41e1d.dir/src.c.o  -o cmTC_41e1d 
/usr/bin/ld: CMakeFiles/cmTC_41e1d.dir/src.c.o: in function `main':
src.c:(.text+0x46): undefined reference to `pthread_create'
/usr/bin/ld: src.c:(.text+0x52): undefined reference to `pthread_detach'
/usr/bin/ld: src.c:(.text+0x63): undefined reference to `pthread_join'
collect2: error: ld returned 1 exit status
make[1]: *** [CMakeFiles/cmTC_41e1d.dir/build.make:87: cmTC_41e1d] Error 1
make[1]: Leaving directory '/home/dj/sar/docker/arm64/zed2_tensorrt_yolov5/build/CMakeFiles/CMakeTmp'
make: *** [Makefile:121: cmTC_41e1d/fast] Error 2


Source file was:
#include <pthread.h>

void* test_func(void* data)
{
  return data;
}

int main(void)
{
  pthread_t thread;
  pthread_create(&thread, NULL, test_func, NULL);
  pthread_detach(thread);
  pthread_join(thread, NULL);
  pthread_atfork(NULL, NULL, NULL);
  pthread_exit(NULL);

  return 0;
}

Determining if the function pthread_create exists in the pthreads failed with the following output:
Change Dir: /home/dj/sar/docker/arm64/zed2_tensorrt_yolov5/build/CMakeFiles/CMakeTmp

Run Build Command(s):/usr/bin/make cmTC_fb28d/fast && /usr/bin/make -f CMakeFiles/cmTC_fb28d.dir/build.make CMakeFiles/cmTC_fb28d.dir/build
make[1]: Entering directory '/home/dj/sar/docker/arm64/zed2_tensorrt_yolov5/build/CMakeFiles/CMakeTmp'
Building C object CMakeFiles/cmTC_fb28d.dir/CheckFunctionExists.c.o
/usr/bin/cc   -DCHECK_FUNCTION_EXISTS=pthread_create   -o CMakeFiles/cmTC_fb28d.dir/CheckFunctionExists.c.o   -c /usr/share/cmake-3.16/Modules/CheckFunctionExists.c
Linking C executable cmTC_fb28d
/usr/bin/cmake -E cmake_link_script CMakeFiles/cmTC_fb28d.dir/link.txt --verbose=1
/usr/bin/cc  -DCHECK_FUNCTION_EXISTS=pthread_create    CMakeFiles/cmTC_fb28d.dir/CheckFunctionExists.c.o  -o cmTC_fb28d  -lpthreads 
/usr/bin/ld: cannot find -lpthreads
collect2: error: ld returned 1 exit status
make[1]: *** [CMakeFiles/cmTC_fb28d.dir/build.make:87: cmTC_fb28d] Error 1
make[1]: Leaving directory '/home/dj/sar/docker/arm64/zed2_tensorrt_yolov5/build/CMakeFiles/CMakeTmp'
make: *** [Makefile:121: cmTC_fb28d/fast] Error 2



