[0.290s] DEBUG:colcon:Command line arguments: ['/usr/bin/colcon', 'build', '--symlink-install']
[0.290s] DEBUG:colcon:Parsed command line arguments: Namespace(allow_overriding=[], ament_cmake_args=None, base_paths=['.'], build_base='build', catkin_cmake_args=None, catkin_skip_building_tests=False, cmake_args=None, cmake_clean_cache=False, cmake_clean_first=False, cmake_force_configure=False, cmake_target=None, cmake_target_skip_unavailable=False, continue_on_error=False, event_handlers=None, executor='parallel', ignore_user_meta=False, install_base='install', log_base=None, log_level=None, main=<bound method BuildVerb.main of <colcon_core.verb.build.BuildVerb object at 0x7f908ca1a970>>, merge_install=False, metas=['./colcon.meta'], packages_above=None, packages_above_and_dependencies=None, packages_above_depth=None, packages_end=None, packages_ignore=None, packages_ignore_regex=None, packages_select=None, packages_select_build_failed=False, packages_select_by_dep=None, packages_select_regex=None, packages_select_test_failures=False, packages_skip=None, packages_skip_build_finished=False, packages_skip_by_dep=None, packages_skip_regex=None, packages_skip_test_passed=False, packages_skip_up_to=None, packages_start=None, packages_up_to=None, packages_up_to_regex=None, parallel_workers=12, paths=None, symlink_install=True, test_result_base=None, verb_extension=<colcon_core.verb.build.BuildVerb object at 0x7f908ca1a970>, verb_name='build', verb_parser=<colcon_defaults.argument_parser.defaults.DefaultArgumentsDecorator object at 0x7f908ca1aee0>)
[0.341s] Level 1:colcon.colcon_core.package_discovery:discover_packages(colcon_meta) check parameters
[0.342s] Level 1:colcon.colcon_core.package_discovery:discover_packages(recursive) check parameters
[0.342s] Level 1:colcon.colcon_core.package_discovery:discover_packages(ignore) check parameters
[0.342s] Level 1:colcon.colcon_core.package_discovery:discover_packages(path) check parameters
[0.342s] Level 1:colcon.colcon_core.package_discovery:discover_packages(colcon_meta) discover
[0.342s] Level 1:colcon.colcon_core.package_discovery:discover_packages(recursive) discover
[0.342s] INFO:colcon.colcon_core.package_discovery:Crawling recursively for packages in '/home/dj/sar/docker/arm64/packages'
[0.342s] Level 1:colcon.colcon_core.package_identification:_identify(.) by extensions ['ignore', 'ignore_ament_install']
[0.342s] Level 1:colcon.colcon_core.package_identification:_identify(.) by extension 'ignore'
[0.342s] Level 1:colcon.colcon_core.package_identification:_identify(.) by extension 'ignore_ament_install'
[0.342s] Level 1:colcon.colcon_core.package_identification:_identify(.) by extensions ['colcon_pkg']
[0.343s] Level 1:colcon.colcon_core.package_identification:_identify(.) by extension 'colcon_pkg'
[0.343s] Level 1:colcon.colcon_core.package_identification:_identify(.) by extensions ['colcon_meta']
[0.343s] Level 1:colcon.colcon_core.package_identification:_identify(.) by extension 'colcon_meta'
[0.343s] Level 1:colcon.colcon_core.package_identification:_identify(.) by extensions ['ros']
[0.343s] Level 1:colcon.colcon_core.package_identification:_identify(.) by extension 'ros'
[0.369s] Level 1:colcon.colcon_core.package_identification:_identify(.) by extensions ['cmake', 'python']
[0.370s] Level 1:colcon.colcon_core.package_identification:_identify(.) by extension 'cmake'
[0.370s] Level 1:colcon.colcon_core.package_identification:_identify(.) by extension 'python'
[0.370s] Level 1:colcon.colcon_core.package_identification:_identify(.) by extensions ['python_setup_py']
[0.370s] Level 1:colcon.colcon_core.package_identification:_identify(.) by extension 'python_setup_py'
[0.370s] Level 1:colcon.colcon_core.package_identification:_identify(LIDAR_PKG) by extensions ['ignore', 'ignore_ament_install']
[0.370s] Level 1:colcon.colcon_core.package_identification:_identify(LIDAR_PKG) by extension 'ignore'
[0.370s] Level 1:colcon.colcon_core.package_identification:_identify(LIDAR_PKG) by extension 'ignore_ament_install'
[0.370s] Level 1:colcon.colcon_core.package_identification:_identify(LIDAR_PKG) by extensions ['colcon_pkg']
[0.370s] Level 1:colcon.colcon_core.package_identification:_identify(LIDAR_PKG) by extension 'colcon_pkg'
[0.370s] Level 1:colcon.colcon_core.package_identification:_identify(LIDAR_PKG) by extensions ['colcon_meta']
[0.371s] Level 1:colcon.colcon_core.package_identification:_identify(LIDAR_PKG) by extension 'colcon_meta'
[0.371s] Level 1:colcon.colcon_core.package_identification:_identify(LIDAR_PKG) by extensions ['ros']
[0.371s] Level 1:colcon.colcon_core.package_identification:_identify(LIDAR_PKG) by extension 'ros'
[0.371s] Level 1:colcon.colcon_core.package_identification:_identify(LIDAR_PKG) by extensions ['cmake', 'python']
[0.371s] Level 1:colcon.colcon_core.package_identification:_identify(LIDAR_PKG) by extension 'cmake'
[0.371s] Level 1:colcon.colcon_core.package_identification:_identify(LIDAR_PKG) by extension 'python'
[0.371s] Level 1:colcon.colcon_core.package_identification:_identify(LIDAR_PKG) by extensions ['python_setup_py']
[0.371s] Level 1:colcon.colcon_core.package_identification:_identify(LIDAR_PKG) by extension 'python_setup_py'
[0.371s] Level 1:colcon.colcon_core.package_identification:_identify(LIDAR_PKG/ls01b_ros2) by extensions ['ignore', 'ignore_ament_install']
[0.371s] Level 1:colcon.colcon_core.package_identification:_identify(LIDAR_PKG/ls01b_ros2) by extension 'ignore'
[0.371s] Level 1:colcon.colcon_core.package_identification:_identify(LIDAR_PKG/ls01b_ros2) by extension 'ignore_ament_install'
[0.372s] Level 1:colcon.colcon_core.package_identification:_identify(LIDAR_PKG/ls01b_ros2) by extensions ['colcon_pkg']
[0.372s] Level 1:colcon.colcon_core.package_identification:_identify(LIDAR_PKG/ls01b_ros2) by extension 'colcon_pkg'
[0.372s] Level 1:colcon.colcon_core.package_identification:_identify(LIDAR_PKG/ls01b_ros2) by extensions ['colcon_meta']
[0.372s] Level 1:colcon.colcon_core.package_identification:_identify(LIDAR_PKG/ls01b_ros2) by extension 'colcon_meta'
[0.372s] Level 1:colcon.colcon_core.package_identification:_identify(LIDAR_PKG/ls01b_ros2) by extensions ['ros']
[0.372s] Level 1:colcon.colcon_core.package_identification:_identify(LIDAR_PKG/ls01b_ros2) by extension 'ros'
[0.376s] DEBUG:colcon.colcon_core.package_identification:Package 'LIDAR_PKG/ls01b_ros2' with type 'ros.ament_cmake' and name 'ls01b_v2'
[0.376s] Level 1:colcon.colcon_core.package_identification:_identify(LIDAR_PKG/lsm10_ros2) by extensions ['ignore', 'ignore_ament_install']
[0.376s] Level 1:colcon.colcon_core.package_identification:_identify(LIDAR_PKG/lsm10_ros2) by extension 'ignore'
[0.376s] Level 1:colcon.colcon_core.package_identification:_identify(LIDAR_PKG/lsm10_ros2) by extension 'ignore_ament_install'
[0.376s] Level 1:colcon.colcon_core.package_identification:_identify(LIDAR_PKG/lsm10_ros2) by extensions ['colcon_pkg']
[0.376s] Level 1:colcon.colcon_core.package_identification:_identify(LIDAR_PKG/lsm10_ros2) by extension 'colcon_pkg'
[0.377s] Level 1:colcon.colcon_core.package_identification:_identify(LIDAR_PKG/lsm10_ros2) by extensions ['colcon_meta']
[0.377s] Level 1:colcon.colcon_core.package_identification:_identify(LIDAR_PKG/lsm10_ros2) by extension 'colcon_meta'
[0.377s] Level 1:colcon.colcon_core.package_identification:_identify(LIDAR_PKG/lsm10_ros2) by extensions ['ros']
[0.377s] Level 1:colcon.colcon_core.package_identification:_identify(LIDAR_PKG/lsm10_ros2) by extension 'ros'
[0.378s] DEBUG:colcon.colcon_core.package_identification:Package 'LIDAR_PKG/lsm10_ros2' with type 'ros.ament_cmake' and name 'lsm10_v2'
[0.378s] Level 1:colcon.colcon_core.package_identification:_identify(LIDAR_PKG/rplidar_ros) by extensions ['ignore', 'ignore_ament_install']
[0.378s] Level 1:colcon.colcon_core.package_identification:_identify(LIDAR_PKG/rplidar_ros) by extension 'ignore'
[0.378s] Level 1:colcon.colcon_core.package_identification:_identify(LIDAR_PKG/rplidar_ros) by extension 'ignore_ament_install'
[0.378s] Level 1:colcon.colcon_core.package_identification:_identify(LIDAR_PKG/rplidar_ros) by extensions ['colcon_pkg']
[0.378s] Level 1:colcon.colcon_core.package_identification:_identify(LIDAR_PKG/rplidar_ros) by extension 'colcon_pkg'
[0.379s] Level 1:colcon.colcon_core.package_identification:_identify(LIDAR_PKG/rplidar_ros) by extensions ['colcon_meta']
[0.379s] Level 1:colcon.colcon_core.package_identification:_identify(LIDAR_PKG/rplidar_ros) by extension 'colcon_meta'
[0.379s] Level 1:colcon.colcon_core.package_identification:_identify(LIDAR_PKG/rplidar_ros) by extensions ['ros']
[0.379s] Level 1:colcon.colcon_core.package_identification:_identify(LIDAR_PKG/rplidar_ros) by extension 'ros'
[0.380s] DEBUG:colcon.colcon_core.package_identification:Package 'LIDAR_PKG/rplidar_ros' with type 'ros.ament_cmake' and name 'rplidar_ros'
[0.380s] Level 1:colcon.colcon_core.package_identification:_identify(build) by extensions ['ignore', 'ignore_ament_install']
[0.380s] Level 1:colcon.colcon_core.package_identification:_identify(build) by extension 'ignore'
[0.380s] Level 1:colcon.colcon_core.package_identification:_identify(build) ignored
[0.380s] Level 1:colcon.colcon_core.package_identification:_identify(install) by extensions ['ignore', 'ignore_ament_install']
[0.381s] Level 1:colcon.colcon_core.package_identification:_identify(install) by extension 'ignore'
[0.381s] Level 1:colcon.colcon_core.package_identification:_identify(install) ignored
[0.381s] Level 1:colcon.colcon_core.package_identification:_identify(log) by extensions ['ignore', 'ignore_ament_install']
[0.381s] Level 1:colcon.colcon_core.package_identification:_identify(log) by extension 'ignore'
[0.381s] Level 1:colcon.colcon_core.package_identification:_identify(log) ignored
[0.381s] Level 1:colcon.colcon_core.package_identification:_identify(ros1_src) by extensions ['ignore', 'ignore_ament_install']
[0.381s] Level 1:colcon.colcon_core.package_identification:_identify(ros1_src) by extension 'ignore'
[0.381s] Level 1:colcon.colcon_core.package_identification:_identify(ros1_src) by extension 'ignore_ament_install'
[0.381s] Level 1:colcon.colcon_core.package_identification:_identify(ros1_src) by extensions ['colcon_pkg']
[0.382s] Level 1:colcon.colcon_core.package_identification:_identify(ros1_src) by extension 'colcon_pkg'
[0.382s] Level 1:colcon.colcon_core.package_identification:_identify(ros1_src) by extensions ['colcon_meta']
[0.382s] Level 1:colcon.colcon_core.package_identification:_identify(ros1_src) by extension 'colcon_meta'
[0.382s] Level 1:colcon.colcon_core.package_identification:_identify(ros1_src) by extensions ['ros']
[0.382s] Level 1:colcon.colcon_core.package_identification:_identify(ros1_src) by extension 'ros'
[0.382s] Level 1:colcon.colcon_core.package_identification:_identify(ros1_src) by extensions ['cmake', 'python']
[0.382s] Level 1:colcon.colcon_core.package_identification:_identify(ros1_src) by extension 'cmake'
[0.382s] Level 1:colcon.colcon_core.package_identification:_identify(ros1_src) by extension 'python'
[0.382s] Level 1:colcon.colcon_core.package_identification:_identify(ros1_src) by extensions ['python_setup_py']
[0.382s] Level 1:colcon.colcon_core.package_identification:_identify(ros1_src) by extension 'python_setup_py'
[0.382s] Level 1:colcon.colcon_core.package_identification:_identify(ros1_src/catkin_ws) by extensions ['ignore', 'ignore_ament_install']
[0.382s] Level 1:colcon.colcon_core.package_identification:_identify(ros1_src/catkin_ws) by extension 'ignore'
[0.383s] Level 1:colcon.colcon_core.package_identification:_identify(ros1_src/catkin_ws) by extension 'ignore_ament_install'
[0.383s] Level 1:colcon.colcon_core.package_identification:_identify(ros1_src/catkin_ws) by extensions ['colcon_pkg']
[0.383s] Level 1:colcon.colcon_core.package_identification:_identify(ros1_src/catkin_ws) by extension 'colcon_pkg'
[0.383s] Level 1:colcon.colcon_core.package_identification:_identify(ros1_src/catkin_ws) by extensions ['colcon_meta']
[0.383s] Level 1:colcon.colcon_core.package_identification:_identify(ros1_src/catkin_ws) by extension 'colcon_meta'
[0.383s] Level 1:colcon.colcon_core.package_identification:_identify(ros1_src/catkin_ws) by extensions ['ros']
[0.383s] Level 1:colcon.colcon_core.package_identification:_identify(ros1_src/catkin_ws) by extension 'ros'
[0.383s] Level 1:colcon.colcon_core.package_identification:_identify(ros1_src/catkin_ws) by extensions ['cmake', 'python']
[0.383s] Level 1:colcon.colcon_core.package_identification:_identify(ros1_src/catkin_ws) by extension 'cmake'
[0.383s] Level 1:colcon.colcon_core.package_identification:_identify(ros1_src/catkin_ws) by extension 'python'
[0.383s] Level 1:colcon.colcon_core.package_identification:_identify(ros1_src/catkin_ws) by extensions ['python_setup_py']
[0.383s] Level 1:colcon.colcon_core.package_identification:_identify(ros1_src/catkin_ws) by extension 'python_setup_py'
[0.384s] Level 1:colcon.colcon_core.package_identification:_identify(ros1_src/catkin_ws/src) by extensions ['ignore', 'ignore_ament_install']
[0.384s] Level 1:colcon.colcon_core.package_identification:_identify(ros1_src/catkin_ws/src) by extension 'ignore'
[0.384s] Level 1:colcon.colcon_core.package_identification:_identify(ros1_src/catkin_ws/src) by extension 'ignore_ament_install'
[0.384s] Level 1:colcon.colcon_core.package_identification:_identify(ros1_src/catkin_ws/src) by extensions ['colcon_pkg']
[0.384s] Level 1:colcon.colcon_core.package_identification:_identify(ros1_src/catkin_ws/src) by extension 'colcon_pkg'
[0.384s] Level 1:colcon.colcon_core.package_identification:_identify(ros1_src/catkin_ws/src) by extensions ['colcon_meta']
[0.384s] Level 1:colcon.colcon_core.package_identification:_identify(ros1_src/catkin_ws/src) by extension 'colcon_meta'
[0.384s] Level 1:colcon.colcon_core.package_identification:_identify(ros1_src/catkin_ws/src) by extensions ['ros']
[0.384s] Level 1:colcon.colcon_core.package_identification:_identify(ros1_src/catkin_ws/src) by extension 'ros'
[0.384s] Level 1:colcon.colcon_core.package_identification:_identify(ros1_src/catkin_ws/src) by extensions ['cmake', 'python']
[0.384s] Level 1:colcon.colcon_core.package_identification:_identify(ros1_src/catkin_ws/src) by extension 'cmake'
[0.390s] WARNING:colcon.colcon_cmake.package_identification.cmake:Ignoring 'ros1_src/catkin_ws/src/CMakeLists.txt' since it seems to be a toplevel CMake file generated by 'catkin_make'
[0.390s] Level 1:colcon.colcon_core.package_identification:_identify(ros1_src/catkin_ws/src) by extension 'python'
[0.390s] Level 1:colcon.colcon_core.package_identification:_identify(ros1_src/catkin_ws/src) by extensions ['python_setup_py']
[0.390s] Level 1:colcon.colcon_core.package_identification:_identify(ros1_src/catkin_ws/src) by extension 'python_setup_py'
[0.390s] Level 1:colcon.colcon_core.package_identification:_identify(ros1_src/catkin_ws/src/imu_complementary_filter) by extensions ['ignore', 'ignore_ament_install']
[0.390s] Level 1:colcon.colcon_core.package_identification:_identify(ros1_src/catkin_ws/src/imu_complementary_filter) by extension 'ignore'
[0.390s] Level 1:colcon.colcon_core.package_identification:_identify(ros1_src/catkin_ws/src/imu_complementary_filter) by extension 'ignore_ament_install'
[0.391s] Level 1:colcon.colcon_core.package_identification:_identify(ros1_src/catkin_ws/src/imu_complementary_filter) by extensions ['colcon_pkg']
[0.391s] Level 1:colcon.colcon_core.package_identification:_identify(ros1_src/catkin_ws/src/imu_complementary_filter) by extension 'colcon_pkg'
[0.391s] Level 1:colcon.colcon_core.package_identification:_identify(ros1_src/catkin_ws/src/imu_complementary_filter) by extensions ['colcon_meta']
[0.391s] Level 1:colcon.colcon_core.package_identification:_identify(ros1_src/catkin_ws/src/imu_complementary_filter) by extension 'colcon_meta'
[0.391s] Level 1:colcon.colcon_core.package_identification:_identify(ros1_src/catkin_ws/src/imu_complementary_filter) by extensions ['ros']
[0.391s] Level 1:colcon.colcon_core.package_identification:_identify(ros1_src/catkin_ws/src/imu_complementary_filter) by extension 'ros'
[0.392s] DEBUG:colcon.colcon_core.package_identification:Package 'ros1_src/catkin_ws/src/imu_complementary_filter' with type 'ros.catkin' and name 'imu_complementary_filter'
[0.393s] Level 1:colcon.colcon_core.package_identification:_identify(ros1_src/catkin_ws/src/jb_pcl) by extensions ['ignore', 'ignore_ament_install']
[0.393s] Level 1:colcon.colcon_core.package_identification:_identify(ros1_src/catkin_ws/src/jb_pcl) by extension 'ignore'
[0.393s] Level 1:colcon.colcon_core.package_identification:_identify(ros1_src/catkin_ws/src/jb_pcl) by extension 'ignore_ament_install'
[0.393s] Level 1:colcon.colcon_core.package_identification:_identify(ros1_src/catkin_ws/src/jb_pcl) by extensions ['colcon_pkg']
[0.393s] Level 1:colcon.colcon_core.package_identification:_identify(ros1_src/catkin_ws/src/jb_pcl) by extension 'colcon_pkg'
[0.393s] Level 1:colcon.colcon_core.package_identification:_identify(ros1_src/catkin_ws/src/jb_pcl) by extensions ['colcon_meta']
[0.393s] Level 1:colcon.colcon_core.package_identification:_identify(ros1_src/catkin_ws/src/jb_pcl) by extension 'colcon_meta'
[0.393s] Level 1:colcon.colcon_core.package_identification:_identify(ros1_src/catkin_ws/src/jb_pcl) by extensions ['ros']
[0.393s] Level 1:colcon.colcon_core.package_identification:_identify(ros1_src/catkin_ws/src/jb_pcl) by extension 'ros'
[0.395s] DEBUG:colcon.colcon_core.package_identification:Package 'ros1_src/catkin_ws/src/jb_pcl' with type 'ros.catkin' and name 'jb_pcl'
[0.395s] Level 1:colcon.colcon_core.package_identification:_identify(ros1_src/catkin_ws/src/ros1_bot) by extensions ['ignore', 'ignore_ament_install']
[0.395s] Level 1:colcon.colcon_core.package_identification:_identify(ros1_src/catkin_ws/src/ros1_bot) by extension 'ignore'
[0.395s] Level 1:colcon.colcon_core.package_identification:_identify(ros1_src/catkin_ws/src/ros1_bot) by extension 'ignore_ament_install'
[0.395s] Level 1:colcon.colcon_core.package_identification:_identify(ros1_src/catkin_ws/src/ros1_bot) by extensions ['colcon_pkg']
[0.395s] Level 1:colcon.colcon_core.package_identification:_identify(ros1_src/catkin_ws/src/ros1_bot) by extension 'colcon_pkg'
[0.395s] Level 1:colcon.colcon_core.package_identification:_identify(ros1_src/catkin_ws/src/ros1_bot) by extensions ['colcon_meta']
[0.395s] Level 1:colcon.colcon_core.package_identification:_identify(ros1_src/catkin_ws/src/ros1_bot) by extension 'colcon_meta'
[0.396s] Level 1:colcon.colcon_core.package_identification:_identify(ros1_src/catkin_ws/src/ros1_bot) by extensions ['ros']
[0.396s] Level 1:colcon.colcon_core.package_identification:_identify(ros1_src/catkin_ws/src/ros1_bot) by extension 'ros'
[0.397s] DEBUG:colcon.colcon_core.package_identification:Package 'ros1_src/catkin_ws/src/ros1_bot' with type 'ros.catkin' and name 'ros1_bot'
[0.397s] Level 1:colcon.colcon_core.package_identification:_identify(ros2_src) by extensions ['ignore', 'ignore_ament_install']
[0.397s] Level 1:colcon.colcon_core.package_identification:_identify(ros2_src) by extension 'ignore'
[0.397s] Level 1:colcon.colcon_core.package_identification:_identify(ros2_src) by extension 'ignore_ament_install'
[0.397s] Level 1:colcon.colcon_core.package_identification:_identify(ros2_src) by extensions ['colcon_pkg']
[0.397s] Level 1:colcon.colcon_core.package_identification:_identify(ros2_src) by extension 'colcon_pkg'
[0.398s] Level 1:colcon.colcon_core.package_identification:_identify(ros2_src) by extensions ['colcon_meta']
[0.398s] Level 1:colcon.colcon_core.package_identification:_identify(ros2_src) by extension 'colcon_meta'
[0.398s] Level 1:colcon.colcon_core.package_identification:_identify(ros2_src) by extensions ['ros']
[0.398s] Level 1:colcon.colcon_core.package_identification:_identify(ros2_src) by extension 'ros'
[0.398s] Level 1:colcon.colcon_core.package_identification:_identify(ros2_src) by extensions ['cmake', 'python']
[0.398s] Level 1:colcon.colcon_core.package_identification:_identify(ros2_src) by extension 'cmake'
[0.398s] Level 1:colcon.colcon_core.package_identification:_identify(ros2_src) by extension 'python'
[0.398s] Level 1:colcon.colcon_core.package_identification:_identify(ros2_src) by extensions ['python_setup_py']
[0.398s] Level 1:colcon.colcon_core.package_identification:_identify(ros2_src) by extension 'python_setup_py'
[0.398s] Level 1:colcon.colcon_core.package_identification:_identify(ros2_src/build) by extensions ['ignore', 'ignore_ament_install']
[0.399s] Level 1:colcon.colcon_core.package_identification:_identify(ros2_src/build) by extension 'ignore'
[0.399s] Level 1:colcon.colcon_core.package_identification:_identify(ros2_src/build) ignored
[0.399s] Level 1:colcon.colcon_core.package_identification:_identify(ros2_src/imu_tools) by extensions ['ignore', 'ignore_ament_install']
[0.399s] Level 1:colcon.colcon_core.package_identification:_identify(ros2_src/imu_tools) by extension 'ignore'
[0.399s] Level 1:colcon.colcon_core.package_identification:_identify(ros2_src/imu_tools) by extension 'ignore_ament_install'
[0.399s] Level 1:colcon.colcon_core.package_identification:_identify(ros2_src/imu_tools) by extensions ['colcon_pkg']
[0.399s] Level 1:colcon.colcon_core.package_identification:_identify(ros2_src/imu_tools) by extension 'colcon_pkg'
[0.399s] Level 1:colcon.colcon_core.package_identification:_identify(ros2_src/imu_tools) by extensions ['colcon_meta']
[0.399s] Level 1:colcon.colcon_core.package_identification:_identify(ros2_src/imu_tools) by extension 'colcon_meta'
[0.400s] Level 1:colcon.colcon_core.package_identification:_identify(ros2_src/imu_tools) by extensions ['ros']
[0.400s] Level 1:colcon.colcon_core.package_identification:_identify(ros2_src/imu_tools) by extension 'ros'
[0.400s] Level 1:colcon.colcon_core.package_identification:_identify(ros2_src/imu_tools) by extensions ['cmake', 'python']
[0.400s] Level 1:colcon.colcon_core.package_identification:_identify(ros2_src/imu_tools) by extension 'cmake'
[0.400s] Level 1:colcon.colcon_core.package_identification:_identify(ros2_src/imu_tools) by extension 'python'
[0.400s] Level 1:colcon.colcon_core.package_identification:_identify(ros2_src/imu_tools) by extensions ['python_setup_py']
[0.400s] Level 1:colcon.colcon_core.package_identification:_identify(ros2_src/imu_tools) by extension 'python_setup_py'
[0.400s] Level 1:colcon.colcon_core.package_identification:_identify(ros2_src/imu_tools/imu_complementary_filter) by extensions ['ignore', 'ignore_ament_install']
[0.400s] Level 1:colcon.colcon_core.package_identification:_identify(ros2_src/imu_tools/imu_complementary_filter) by extension 'ignore'
[0.400s] Level 1:colcon.colcon_core.package_identification:_identify(ros2_src/imu_tools/imu_complementary_filter) by extension 'ignore_ament_install'
[0.401s] Level 1:colcon.colcon_core.package_identification:_identify(ros2_src/imu_tools/imu_complementary_filter) by extensions ['colcon_pkg']
[0.401s] Level 1:colcon.colcon_core.package_identification:_identify(ros2_src/imu_tools/imu_complementary_filter) by extension 'colcon_pkg'
[0.401s] Level 1:colcon.colcon_core.package_identification:_identify(ros2_src/imu_tools/imu_complementary_filter) by extensions ['colcon_meta']
[0.401s] Level 1:colcon.colcon_core.package_identification:_identify(ros2_src/imu_tools/imu_complementary_filter) by extension 'colcon_meta'
[0.401s] Level 1:colcon.colcon_core.package_identification:_identify(ros2_src/imu_tools/imu_complementary_filter) by extensions ['ros']
[0.401s] Level 1:colcon.colcon_core.package_identification:_identify(ros2_src/imu_tools/imu_complementary_filter) by extension 'ros'
[0.402s] DEBUG:colcon.colcon_core.package_identification:Package 'ros2_src/imu_tools/imu_complementary_filter' with type 'ros.ament_cmake' and name 'imu_complementary_filter'
[0.402s] Level 1:colcon.colcon_core.package_identification:_identify(ros2_src/install) by extensions ['ignore', 'ignore_ament_install']
[0.402s] Level 1:colcon.colcon_core.package_identification:_identify(ros2_src/install) by extension 'ignore'
[0.402s] Level 1:colcon.colcon_core.package_identification:_identify(ros2_src/install) ignored
[0.403s] Level 1:colcon.colcon_core.package_identification:_identify(ros2_src/log) by extensions ['ignore', 'ignore_ament_install']
[0.403s] Level 1:colcon.colcon_core.package_identification:_identify(ros2_src/log) by extension 'ignore'
[0.403s] Level 1:colcon.colcon_core.package_identification:_identify(ros2_src/log) ignored
[0.403s] Level 1:colcon.colcon_core.package_identification:_identify(ros2_src/pointcloud_to_laserscan) by extensions ['ignore', 'ignore_ament_install']
[0.403s] Level 1:colcon.colcon_core.package_identification:_identify(ros2_src/pointcloud_to_laserscan) by extension 'ignore'
[0.403s] Level 1:colcon.colcon_core.package_identification:_identify(ros2_src/pointcloud_to_laserscan) by extension 'ignore_ament_install'
[0.403s] Level 1:colcon.colcon_core.package_identification:_identify(ros2_src/pointcloud_to_laserscan) by extensions ['colcon_pkg']
[0.403s] Level 1:colcon.colcon_core.package_identification:_identify(ros2_src/pointcloud_to_laserscan) by extension 'colcon_pkg'
[0.403s] Level 1:colcon.colcon_core.package_identification:_identify(ros2_src/pointcloud_to_laserscan) by extensions ['colcon_meta']
[0.404s] Level 1:colcon.colcon_core.package_identification:_identify(ros2_src/pointcloud_to_laserscan) by extension 'colcon_meta'
[0.404s] Level 1:colcon.colcon_core.package_identification:_identify(ros2_src/pointcloud_to_laserscan) by extensions ['ros']
[0.404s] Level 1:colcon.colcon_core.package_identification:_identify(ros2_src/pointcloud_to_laserscan) by extension 'ros'
[0.406s] DEBUG:colcon.colcon_core.package_identification:Package 'ros2_src/pointcloud_to_laserscan' with type 'ros.ament_cmake' and name 'pointcloud_to_laserscan'
[0.406s] Level 1:colcon.colcon_core.package_identification:_identify(ros2_src/ros2_bot) by extensions ['ignore', 'ignore_ament_install']
[0.406s] Level 1:colcon.colcon_core.package_identification:_identify(ros2_src/ros2_bot) by extension 'ignore'
[0.406s] Level 1:colcon.colcon_core.package_identification:_identify(ros2_src/ros2_bot) by extension 'ignore_ament_install'
[0.406s] Level 1:colcon.colcon_core.package_identification:_identify(ros2_src/ros2_bot) by extensions ['colcon_pkg']
[0.406s] Level 1:colcon.colcon_core.package_identification:_identify(ros2_src/ros2_bot) by extension 'colcon_pkg'
[0.406s] Level 1:colcon.colcon_core.package_identification:_identify(ros2_src/ros2_bot) by extensions ['colcon_meta']
[0.407s] Level 1:colcon.colcon_core.package_identification:_identify(ros2_src/ros2_bot) by extension 'colcon_meta'
[0.407s] Level 1:colcon.colcon_core.package_identification:_identify(ros2_src/ros2_bot) by extensions ['ros']
[0.407s] Level 1:colcon.colcon_core.package_identification:_identify(ros2_src/ros2_bot) by extension 'ros'
[0.408s] DEBUG:colcon.colcon_core.package_identification:Package 'ros2_src/ros2_bot' with type 'ros.ament_cmake' and name 'ros2_bot'
[0.409s] Level 1:colcon.colcon_core.package_discovery:discover_packages(recursive) using defaults
[0.409s] Level 1:colcon.colcon_core.package_discovery:discover_packages(ignore) discover
[0.409s] Level 1:colcon.colcon_core.package_discovery:discover_packages(ignore) using defaults
[0.409s] Level 1:colcon.colcon_core.package_discovery:discover_packages(path) discover
[0.409s] Level 1:colcon.colcon_core.package_discovery:discover_packages(path) using defaults
[0.447s] Level 1:colcon.colcon_core.package_discovery:discover_packages(prefix_path) check parameters
[0.447s] Level 1:colcon.colcon_core.package_discovery:discover_packages(prefix_path) discover
[0.456s] DEBUG:colcon.colcon_installed_package_information.package_discovery:Found 362 installed packages in /opt/ros/galactic
[0.461s] Level 1:colcon.colcon_core.package_discovery:discover_packages(prefix_path) using defaults
[0.625s] ERROR:colcon:colcon build: Duplicate package names not supported:
- imu_complementary_filter:
  - ros1_src/catkin_ws/src/imu_complementary_filter
  - ros2_src/imu_tools/imu_complementary_filter
